
/home/runner/work/exp-ce-amplifier-iitkgp/exp-ce-amplifier-iitkgp/experiment/simulation/js/canvasjs.min.js
    82:20   warning  'd' is already defined                                                     no-redeclare
   122:13   warning  Expected a conditional expression and instead saw an assignment            no-cond-assign
   186:59   warning  'G_vmlCanvasManager' is not defined                                        no-undef
   199:70   warning  'g' is already defined                                                     no-redeclare
   199:114  warning  'h' is already defined                                                     no-redeclare
   211:21   warning  Read-only global 'event' should not be modified                            no-global-assign
   258:10   warning  Expected a conditional expression and instead saw an assignment            no-cond-assign
   449:22   warning  'this.label' is assigned to itself                                         no-self-assign
   613:13   warning  'g' is already defined                                                     no-redeclare
   613:92   warning  'h' is already defined                                                     no-redeclare
   643:32   warning  'g' is already defined                                                     no-redeclare
   677:19   warning  Do not access Object.prototype method 'hasOwnProperty' from target object  no-prototype-builtins
   827:44   warning  Do not access Object.prototype method 'hasOwnProperty' from target object  no-prototype-builtins
   965:99   warning  Duplicate key 'cursor'                                                     no-dupe-keys
  1099:27   warning  Do not access Object.prototype method 'hasOwnProperty' from target object  no-prototype-builtins
  1102:27   warning  Do not access Object.prototype method 'hasOwnProperty' from target object  no-prototype-builtins
  1228:13   warning  Expected a conditional expression and instead saw an assignment            no-cond-assign
  1240:48   warning  'c' is defined but never used                                              no-unused-vars
  1240:51   warning  'b' is defined but never used                                              no-unused-vars
  1285:29   warning  Empty block statement                                                      no-empty
  1323:156  warning  Do not access Object.prototype method 'hasOwnProperty' from target object  no-prototype-builtins
  1326:49   warning  Do not access Object.prototype method 'hasOwnProperty' from target object  no-prototype-builtins
  1354:28   warning  'f' is already defined                                                     no-redeclare
  1354:35   warning  'e' is already defined                                                     no-redeclare
  1378:45   warning  'e' is already defined                                                     no-redeclare
  1391:25   warning  'd' is already defined                                                     no-redeclare
  1418:17   warning  'g' is already defined                                                     no-redeclare
  1420:28   warning  'l' is already defined                                                     no-redeclare
  1420:35   warning  'm' is already defined                                                     no-redeclare
  1445:137  warning  'g' is already defined                                                     no-redeclare
  1445:193  warning  'h' is already defined                                                     no-redeclare
  1448:17   warning  'f' is already defined                                                     no-redeclare
  1449:49   warning  'd' is already defined                                                     no-redeclare
  1449:105  warning  'e' is already defined                                                     no-redeclare
  1449:459  warning  'b' is already defined                                                     no-redeclare
  1458:21   warning  's' is already defined                                                     no-redeclare
  1458:78   warning  'z' is already defined                                                     no-redeclare
  1458:210  warning  'p' is already defined                                                     no-redeclare
  1509:22   warning  'd' is already defined                                                     no-redeclare
  1515:47   warning  'q' is already defined                                                     no-redeclare
  1523:21   warning  'm' is already defined                                                     no-redeclare
  1528:38   warning  'r' is already defined                                                     no-redeclare
  1571:22   warning  'd' is already defined                                                     no-redeclare
  1576:73   warning  'q' is already defined                                                     no-redeclare
  1585:21   warning  'm' is already defined                                                     no-redeclare
  1590:38   warning  'r' is already defined                                                     no-redeclare
  1647:22   warning  'e' is already defined                                                     no-redeclare
  1652:73   warning  'k' is already defined                                                     no-redeclare
  1661:21   warning  'l' is already defined                                                     no-redeclare
  1724:114  warning  'e' is already defined                                                     no-redeclare
  1740:21   warning  'k' is already defined                                                     no-redeclare
  1742:69   warning  'e' is already defined                                                     no-redeclare
  1771:210  warning  'g' is already defined                                                     no-redeclare
  1824:70   warning  'g' is already defined                                                     no-redeclare
  1842:69   warning  'g' is already defined                                                     no-redeclare
  1875:200  warning  'e' is already defined                                                     no-redeclare
  1891:21   warning  'k' is already defined                                                     no-redeclare
  1925:70   warning  'g' is already defined                                                     no-redeclare
  1978:210  warning  'g' is already defined                                                     no-redeclare
  2044:43   warning  'g' is already defined                                                     no-redeclare
  2048:21   warning  'g' is already defined                                                     no-redeclare
  2057:33   warning  'A' is already defined                                                     no-redeclare
  2128:85   warning  'g' is already defined                                                     no-redeclare
  2132:21   warning  'g' is already defined                                                     no-redeclare
  2141:51   warning  'v' is already defined                                                     no-redeclare
  2191:85   warning  'g' is already defined                                                     no-redeclare
  2195:21   warning  'g' is already defined                                                     no-redeclare
  2204:77   warning  'H' is already defined                                                     no-redeclare
  2253:30   warning  'f' is already defined                                                     no-redeclare
  2272:25   warning  'd' is already defined                                                     no-redeclare
  2278:77   warning  'v' is already defined                                                     no-redeclare
  2282:33   warning  'k' is already defined                                                     no-redeclare
  2284:39   warning  'I' is already defined                                                     no-redeclare
  2303:92   warning  'markerColor' is not defined                                               no-undef
  2303:180  warning  'markerColor' is not defined                                               no-undef
  2303:206  warning  'markerColor' is not defined                                               no-undef
  2338:315  warning  't' is already defined                                                     no-redeclare
  2345:30   warning  'e' is already defined                                                     no-redeclare
  2365:25   warning  'd' is already defined                                                     no-redeclare
  2371:77   warning  'H' is already defined                                                     no-redeclare
  2374:38   warning  'k' is already defined                                                     no-redeclare
  2376:39   warning  'S' is already defined                                                     no-redeclare
  2397:178  warning  'markerColor' is not defined                                               no-undef
  2398:44   warning  'markerColor' is not defined                                               no-undef
  2398:70   warning  'markerColor' is not defined                                               no-undef
  2417:127  warning  'e' is already defined                                                     no-redeclare
  2417:157  warning  'b' is already defined                                                     no-redeclare
  2426:97   warning  'e' is already defined                                                     no-redeclare
  2428:40   warning  'd' is already defined                                                     no-redeclare
  2428:120  warning  'n' is already defined                                                     no-redeclare
  2436:33   warning  'r' is already defined                                                     no-redeclare
  2436:145  warning  'r' is already defined                                                     no-redeclare
  2456:127  warning  'e' is already defined                                                     no-redeclare
  2456:157  warning  'b' is already defined                                                     no-redeclare
  2471:44   warning  'e' is already defined                                                     no-redeclare
  2494:35   warning  'd' is already defined                                                     no-redeclare
  2494:79   warning  'e' is already defined                                                     no-redeclare
  2514:77   warning  'e' is already defined                                                     no-redeclare
  2523:77   warning  'd' is already defined                                                     no-redeclare
  2544:59   warning  'e' is already defined                                                     no-redeclare
  2563:69   warning  'e' is already defined                                                     no-redeclare
  2569:136  warning  'b' is already defined                                                     no-redeclare
  2571:44   warning  'd' is already defined                                                     no-redeclare
  2593:70   warning  'e' is already defined                                                     no-redeclare
  2681:101  warning  'e' is already defined                                                     no-redeclare
  2685:29   warning  'e' is already defined                                                     no-redeclare
  2694:85   warning  'x' is already defined                                                     no-redeclare
  2794:85   warning  'e' is already defined                                                     no-redeclare
  2798:21   warning  'e' is already defined                                                     no-redeclare
  2805:77   warning  'z' is already defined                                                     no-redeclare
  2869:69   warning  'm' is already defined                                                     no-redeclare
  2956:24   warning  'c' is already defined                                                     no-redeclare
  2982:35   warning  'q' is already defined                                                     no-redeclare
  3021:48   warning  'b' is already defined                                                     no-redeclare
  3037:36   warning  'a' is already defined                                                     no-redeclare
  3038:29   warning  'h' is already defined                                                     no-redeclare
  3042:40   warning  'B' is already defined                                                     no-redeclare
  3047:37   warning  'C' is already defined                                                     no-redeclare
  3083:37   warning  Expected a conditional expression and instead saw an assignment            no-cond-assign
  3218:17   warning  'f' is already defined                                                     no-redeclare
  3268:17   warning  'f' is already defined                                                     no-redeclare
  3294:386  warning  'p' is already defined                                                     no-redeclare
  3294:453  warning  'l' is already defined                                                     no-redeclare
  3299:46   warning  'l' is already defined                                                     no-redeclare
  3299:168  warning  'p' is already defined                                                     no-redeclare
  3299:420  warning  'r' is already defined                                                     no-redeclare
  3300:150  warning  't' is already defined                                                     no-redeclare
  3300:178  warning  'u' is already defined                                                     no-redeclare
  3300:359  warning  's' is already defined                                                     no-redeclare
  3300:582  warning  'p' is already defined                                                     no-redeclare
  3301:39   warning  'l' is already defined                                                     no-redeclare
  3423:21   warning  'd' is already defined                                                     no-redeclare
  3469:84   warning  'r' is already defined                                                     no-redeclare
  3528:26   warning  'b' is already defined                                                     no-redeclare
  3544:69   warning  'f' is already defined                                                     no-redeclare
  3544:77   warning  'b' is already defined                                                     no-redeclare
  3629:80   warning  'e' is already defined                                                     no-redeclare
  3649:49   warning  'e' is already defined                                                     no-redeclare
  3714:34   warning  'j' is not defined                                                         no-undef
  3714:45   warning  'j' is not defined                                                         no-undef
  3714:59   warning  'j' is not defined                                                         no-undef
  3715:43   warning  'j' is not defined                                                         no-undef
  3718:34   warning  'j' is not defined                                                         no-undef
  3718:45   warning  'j' is not defined                                                         no-undef
  3718:59   warning  'j' is not defined                                                         no-undef
  3719:43   warning  'j' is not defined                                                         no-undef
  3722:34   warning  'j' is not defined                                                         no-undef
  3722:45   warning  'j' is not defined                                                         no-undef
  3722:59   warning  'j' is not defined                                                         no-undef
  3723:43   warning  'j' is not defined                                                         no-undef
  3778:34   warning  'j' is not defined                                                         no-undef
  3778:45   warning  'j' is not defined                                                         no-undef
  3778:59   warning  'j' is not defined                                                         no-undef
  3779:43   warning  'j' is not defined                                                         no-undef
  3782:34   warning  'j' is not defined                                                         no-undef
  3782:45   warning  'j' is not defined                                                         no-undef
  3782:59   warning  'j' is not defined                                                         no-undef
  3783:43   warning  'j' is not defined                                                         no-undef
  3786:34   warning  'j' is not defined                                                         no-undef
  3786:45   warning  'j' is not defined                                                         no-undef
  3786:59   warning  'j' is not defined                                                         no-undef
  3787:43   warning  'j' is not defined                                                         no-undef
  3836:25   warning  'e' is already defined                                                     no-redeclare
  3877:42   warning  'd' is already defined                                                     no-redeclare
  3979:16   warning  'c' is assigned a value but never used                                     no-unused-vars
  4008:13   warning  'a' is already defined                                                     no-redeclare
  4077:68   warning  'a' is already defined                                                     no-redeclare
  4202:21   warning  Expected a conditional expression and instead saw an assignment            no-cond-assign
  4255:33   warning  Empty block statement                                                      no-empty
  4286:21   warning  'd' is already defined                                                     no-redeclare
  4309:30   warning  'h' is already defined                                                     no-redeclare
  4367:18   warning  'i' is not defined                                                         no-undef
  4367:29   warning  'i' is not defined                                                         no-undef
  4367:54   warning  'i' is not defined                                                         no-undef
  4368:36   warning  'i' is not defined                                                         no-undef
  4369:44   warning  'i' is not defined                                                         no-undef
  4378:82   warning  'h' is already defined                                                     no-redeclare
  4378:116  warning  'g' is already defined                                                     no-redeclare
  4384:25   warning  'q' is already defined                                                     no-redeclare
  4404:25   warning  Empty block statement                                                      no-empty
  4409:19   warning  Do not access Object.prototype method 'hasOwnProperty' from target object  no-prototype-builtins
  4411:24   warning  Do not access Object.prototype method 'hasOwnProperty' from target object  no-prototype-builtins
  4590:22   warning  'c' is defined but never used                                              no-unused-vars
  4654:63   warning  'b' is already defined                                                     no-redeclare
  4734:48   warning  'c' is already defined                                                     no-redeclare
  4746:53   warning  'h' is already defined                                                     no-redeclare
  4746:69   warning  'h' is already defined                                                     no-redeclare
  4761:22   warning  'n' is already defined                                                     no-redeclare
  4846:57   warning  'd' is already defined                                                     no-redeclare
  4939:32   warning  'b' is defined but never used                                              no-unused-vars
  5063:25   warning  Empty block statement                                                      no-empty
  5067:13   warning  'l' is already defined                                                     no-redeclare
  5169:5    warning  'G_vmlCanvasManager' is not defined                                        no-undef
  5170:5    warning  Read-only global 'CanvasRenderingContext2D' should not be modified         no-global-assign
  5171:5    warning  Read-only global 'CanvasGradient' should not be modified                   no-global-assign
  5172:5    warning  Read-only global 'CanvasPattern' should not be modified                    no-global-assign
  5173:5    warning  Read-only global 'DOMException' should not be modified                     no-global-assign

/home/runner/work/exp-ce-amplifier-iitkgp/exp-ce-amplifier-iitkgp/experiment/simulation/js/ceamp.js
   21:10  warning  'srcresChange' is defined but never used   no-unused-vars
   25:10  warning  'cllcresChange' is defined but never used  no-unused-vars
   29:10  warning  'emtresChange' is defined but never used   no-unused-vars
   33:10  warning  'ldresChange' is defined but never used    no-unused-vars
   37:10  warning  'bsres1Change' is defined but never used   no-unused-vars
   41:10  warning  'bsres2Change' is defined but never used   no-unused-vars
   45:10  warning  'cplcp1Change' is defined but never used   no-unused-vars
   49:10  warning  'cplcp2Change' is defined but never used   no-unused-vars
   53:10  warning  'bypscpaChange' is defined but never used  no-unused-vars
   57:10  warning  'freqChange' is defined but never used     no-unused-vars
   89:10  warning  'tabled' is defined but never used         no-unused-vars
  120:9   warning  'x' is defined but never used              no-unused-vars
  126:5   warning  'dt' is assigned a value but never used    no-unused-vars
  127:5   warning  'fr' is assigned a value but never used    no-unused-vars
  131:15  warning  'math' is not defined                      no-undef
  134:5   warning  'h1' is assigned a value but never used    no-unused-vars
  136:15  warning  'math' is not defined                      no-undef
  137:5   warning  'h2' is assigned a value but never used    no-unused-vars
  141:15  warning  'math' is not defined                      no-undef
  142:5   warning  'h' is assigned a value but never used     no-unused-vars
  145:5   warning  'mg' is assigned a value but never used    no-unused-vars
  217:1   warning  '$' is not defined                         no-undef
  218:5   warning  '$' is not defined                         no-undef
  219:9   warning  '$' is not defined                         no-undef
  220:24  warning  '$' is not defined                         no-undef
  226:10  warning  'plot' is defined but never used           no-unused-vars
  234:17  warning  'CanvasJS' is not defined                  no-undef
  276:12  warning  'CanvasJS' is not defined                  no-undef
  279:10  warning  'cleard' is defined but never used         no-unused-vars
  281:20  warning  'mytable' is not defined                   no-undef
  283:9   warning  'mytable' is not defined                   no-undef
  304:10  warning  'printf' is defined but never used         no-unused-vars

/home/runner/work/exp-ce-amplifier-iitkgp/exp-ce-amplifier-iitkgp/experiment/simulation/js/cktconnection.js
    1:1   warning  'jsPlumb' is not defined                       no-undef
    6:9   warning  'addDisc' is assigned a value but never used   no-unused-vars
    8:17  warning  'e' is assigned a value but never used         no-unused-vars
   15:9   warning  'reset' is assigned a value but never used     no-unused-vars
   28:48  warning  'e' is defined but never used                  no-unused-vars
   28:51  warning  'ui' is defined but never used                 no-unused-vars
   30:21  warning  'jsPlumb' is not defined                       no-undef
   72:16  warning  'jsPlumb' is not defined                       no-undef
   81:13  warning  'e1' is assigned a value but never used        no-unused-vars
   82:13  warning  'e3' is assigned a value but never used        no-unused-vars
   83:13  warning  'e4' is assigned a value but never used        no-unused-vars
   84:13  warning  'e5' is assigned a value but never used        no-unused-vars
   85:13  warning  'e6' is assigned a value but never used        no-unused-vars
   86:13  warning  'e7' is assigned a value but never used        no-unused-vars
   87:13  warning  'e8' is assigned a value but never used        no-unused-vars
   88:13  warning  'e9' is assigned a value but never used        no-unused-vars
   91:13  warning  'e12' is assigned a value but never used       no-unused-vars
   93:13  warning  'clearBtn' is assigned a value but never used  no-unused-vars
   93:24  warning  'jsPlumb' is not defined                       no-undef
   94:13  warning  'addBtn' is assigned a value but never used    no-unused-vars
   94:22  warning  'jsPlumb' is not defined                       no-undef
   96:28  warning  'jsPlumb' is not defined                       no-undef
   99:17  warning  'jsPlumbUtil' is not defined                   no-undef
  110:5   warning  'jsPlumb' is not defined                       no-undef
  285:13  warning  'count' is assigned a value but never used     no-unused-vars
  426:3   warning  Mixed spaces and tabs                          no-mixed-spaces-and-tabs
  427:2   warning  Mixed spaces and tabs                          no-mixed-spaces-and-tabs
  428:1   warning  Mixed spaces and tabs                          no-mixed-spaces-and-tabs
  429:1   warning  Mixed spaces and tabs                          no-mixed-spaces-and-tabs
  430:1   warning  Mixed spaces and tabs                          no-mixed-spaces-and-tabs
  444:10  warning  'deleteconnection' is defined but never used   no-unused-vars

/home/runner/work/exp-ce-amplifier-iitkgp/exp-ce-amplifier-iitkgp/experiment/simulation/js/cktconnection_ceamp.js
    1:1   warning  'jsPlumb' is not defined                       no-undef
    6:9   warning  'addDisc' is assigned a value but never used   no-unused-vars
    8:17  warning  'e' is assigned a value but never used         no-unused-vars
   15:9   warning  'reset' is assigned a value but never used     no-unused-vars
   28:48  warning  'e' is defined but never used                  no-unused-vars
   28:51  warning  'ui' is defined but never used                 no-unused-vars
   30:21  warning  'jsPlumb' is not defined                       no-undef
   88:16  warning  'jsPlumb' is not defined                       no-undef
   97:13  warning  'e1' is assigned a value but never used        no-unused-vars
   98:13  warning  'e3' is assigned a value but never used        no-unused-vars
   99:13  warning  'e4' is assigned a value but never used        no-unused-vars
  100:13  warning  'e5' is assigned a value but never used        no-unused-vars
  101:13  warning  'e6' is assigned a value but never used        no-unused-vars
  102:13  warning  'e7' is assigned a value but never used        no-unused-vars
  103:13  warning  'e8' is assigned a value but never used        no-unused-vars
  104:13  warning  'e9' is assigned a value but never used        no-unused-vars
  105:13  warning  'e10' is assigned a value but never used       no-unused-vars
  106:13  warning  'e11' is assigned a value but never used       no-unused-vars
  107:4   warning  'e13' is assigned a value but never used       no-unused-vars
  108:4   warning  'e14' is assigned a value but never used       no-unused-vars
  109:4   warning  'e15' is assigned a value but never used       no-unused-vars
  110:4   warning  'e16' is assigned a value but never used       no-unused-vars
  111:4   warning  'e17' is assigned a value but never used       no-unused-vars
  112:4   warning  'e18' is assigned a value but never used       no-unused-vars
  113:4   warning  'e19' is assigned a value but never used       no-unused-vars
  114:4   warning  'e20' is assigned a value but never used       no-unused-vars
  115:4   warning  'e21' is assigned a value but never used       no-unused-vars
  116:4   warning  'e22' is assigned a value but never used       no-unused-vars
  117:4   warning  'e23' is assigned a value but never used       no-unused-vars
  118:4   warning  'e24' is assigned a value but never used       no-unused-vars
  119:4   warning  'e25' is assigned a value but never used       no-unused-vars
  120:4   warning  'e26' is assigned a value but never used       no-unused-vars
  122:13  warning  'e12' is assigned a value but never used       no-unused-vars
  125:13  warning  'clearBtn' is assigned a value but never used  no-unused-vars
  125:24  warning  'jsPlumb' is not defined                       no-undef
  126:13  warning  'addBtn' is assigned a value but never used    no-unused-vars
  126:22  warning  'jsPlumb' is not defined                       no-undef
  128:28  warning  'jsPlumb' is not defined                       no-undef
  131:17  warning  'jsPlumbUtil' is not defined                   no-undef
  142:5   warning  'jsPlumb' is not defined                       no-undef
  511:1   warning  Mixed spaces and tabs                          no-mixed-spaces-and-tabs
  523:13  warning  'count' is assigned a value but never used     no-unused-vars
  833:3   warning  Mixed spaces and tabs                          no-mixed-spaces-and-tabs
  834:2   warning  Mixed spaces and tabs                          no-mixed-spaces-and-tabs
  835:1   warning  Mixed spaces and tabs                          no-mixed-spaces-and-tabs
  836:1   warning  Mixed spaces and tabs                          no-mixed-spaces-and-tabs
  837:1   warning  Mixed spaces and tabs                          no-mixed-spaces-and-tabs
  851:10  warning  'deleteconnection' is defined but never used   no-unused-vars

/home/runner/work/exp-ce-amplifier-iitkgp/exp-ce-amplifier-iitkgp/experiment/simulation/js/graph.ob.js
  1:745  warning  'b' is already defined  no-redeclare

/home/runner/work/exp-ce-amplifier-iitkgp/exp-ce-amplifier-iitkgp/experiment/simulation/js/graph_use.ob.js
  1:103  warning  'drawgraph' is defined but never used  no-unused-vars
  1:163  warning  'CanvasJS' is not defined              no-undef

/home/runner/work/exp-ce-amplifier-iitkgp/exp-ce-amplifier-iitkgp/experiment/simulation/js/jquery-1.7.1.min.js
  2:820    warning  Empty block statement                                            no-empty
  2:877    warning  Empty block statement                                            no-empty
  2:4720   warning  'b' is defined but never used                                    no-unused-vars
  2:5126   warning  'd' is defined but never used                                    no-unused-vars
  2:5302   warning  'd' is defined but never used                                    no-unused-vars
  2:6027   warning  Empty block statement                                            no-empty
  2:6428   warning  Unnecessary escape character: \-                                 no-useless-escape
  2:6523   warning  Unnecessary escape character: \/                                 no-useless-escape
  2:6608   warning  Unnecessary escape character: \-                                 no-useless-escape
  2:6658   warning  Unnecessary escape character: \/                                 no-useless-escape
  2:6697   warning  Unnecessary escape character: \/                                 no-useless-escape
  2:10196  warning  Empty block statement                                            no-empty
  2:11255  warning  'ActiveXObject' is not defined                                   no-undef
  2:14574  warning  'i' is defined but never used                                    no-unused-vars
  2:16984  warning  'h' is assigned a value but never used                           no-unused-vars
  2:17279  warning  'm' is defined but never used                                    no-unused-vars
  2:17312  warning  'r' is assigned a value but never used                           no-unused-vars
  2:19399  warning  'g' is defined but never used                                    no-unused-vars
  2:21309  warning  Redundant double negation                                        no-extra-boolean-cast
  2:21836  warning  Redundant double negation                                        no-extra-boolean-cast
  2:24565  warning  'c' is assigned a value but never used                           no-unused-vars
  2:24675  warning  Expected a conditional expression and instead saw an assignment  no-cond-assign
  2:25416  warning  Empty block statement                                            no-empty
  2:26513  warning  Expected a conditional expression and instead saw an assignment  no-cond-assign
  2:26963  warning  Redundant double negation                                        no-extra-boolean-cast
  2:31862  warning  Unnecessary escape character: \.                                 no-useless-escape
  2:31999  warning  Unnecessary escape character: \-                                 no-useless-escape
  2:32015  warning  Unnecessary escape character: \-                                 no-useless-escape
  3:56     warning  'q' is defined but never used                                    no-unused-vars
  3:3638   warning  't' is defined but never used                                    no-unused-vars
  3:7367   warning  'g' is assigned a value but never used                           no-unused-vars
  3:11980  warning  Unnecessary escape character: \[                                 no-useless-escape
  3:12006  warning  Unnecessary escape character: \[                                 no-useless-escape
  3:12031  warning  Unnecessary escape character: \[                                 no-useless-escape
  3:13787  warning  Expected a conditional expression and instead saw an assignment  no-cond-assign
  3:15016  warning  Expected a conditional expression and instead saw an assignment  no-cond-assign
  3:15136  warning  Unnecessary escape character: \-                                 no-useless-escape
  3:15177  warning  Unnecessary escape character: \-                                 no-useless-escape
  3:15227  warning  Unnecessary escape character: \-                                 no-useless-escape
  3:15277  warning  Unnecessary escape character: \-                                 no-useless-escape
  3:15341  warning  Unnecessary escape character: \-                                 no-useless-escape
  3:15388  warning  Unnecessary escape character: \*                                 no-useless-escape
  3:15390  warning  Unnecessary escape character: \-                                 no-useless-escape
  3:15460  warning  Unnecessary escape character: \-                                 no-useless-escape
  3:15473  warning  Unnecessary escape character: \-                                 no-useless-escape
  3:15491  warning  Unnecessary escape character: \-                                 no-useless-escape
  3:15572  warning  Unnecessary escape character: \-                                 no-useless-escape
  3:15609  warning  Unnecessary escape character: \-                                 no-useless-escape
  3:15639  warning  Unnecessary escape character: \)                                 no-useless-escape
  3:15648  warning  Unnecessary escape character: \(                                 no-useless-escape
  3:15650  warning  Unnecessary escape character: \)                                 no-useless-escape
  3:15970  warning  Expected a conditional expression and instead saw an assignment  no-cond-assign
  3:17350  warning  'b' is defined but never used                                    no-unused-vars
  3:17505  warning  Unnecessary escape character: \-                                 no-useless-escape
  3:20157  warning  'h' is defined but never used                                    no-unused-vars
  3:20213  warning  Expected a conditional expression and instead saw an assignment  no-cond-assign
  3:20288  warning  Expected a 'break' statement before 'case'                       no-fallthrough
  3:20305  warning  Expected a conditional expression and instead saw an assignment  no-cond-assign
  3:21442  warning  Unnecessary escape character: \[                                 no-useless-escape
  3:21454  warning  Unnecessary escape character: \(                                 no-useless-escape
  3:23990  warning  Unnecessary escape character: \-                                 no-useless-escape
  3:24003  warning  Unnecessary escape character: \-                                 no-useless-escape
  3:24412  warning  Empty block statement                                            no-empty
  3:24694  warning  Empty block statement                                            no-empty
  3:25075  warning  Unnecessary escape character: \=                                 no-useless-escape
  3:25256  warning  Empty block statement                                            no-empty
  3:26114  warning  Expected a conditional expression and instead saw an assignment  no-cond-assign
  3:26509  warning  Unnecessary escape character: \[                                 no-useless-escape
  3:26511  warning  Unnecessary escape character: \.                                 no-useless-escape
  3:29597  warning  'd' is defined but never used                                    no-unused-vars
  3:30269  warning  Unnecessary escape character: \-                                 no-useless-escape
  3:30271  warning  Unnecessary escape character: \-                                 no-useless-escape
  4:5068   warning  Unnecessary escape character: \-                                 no-useless-escape
  4:5076   warning  Unnecessary escape character: \-                                 no-useless-escape
  4:6100   warning  Empty block statement                                            no-empty
  4:8493   warning  Unnecessary escape character: \-                                 no-useless-escape
  4:8505   warning  Unnecessary escape character: \-                                 no-useless-escape
  4:8697   warning  Unnecessary escape character: \+                                 no-useless-escape
  4:8699   warning  Unnecessary escape character: \.                                 no-useless-escape
  4:8701   warning  Unnecessary escape character: \-                                 no-useless-escape
  4:8717   warning  Unnecessary escape character: \/                                 no-useless-escape
  4:9799   warning  'c' is defined but never used                                    no-unused-vars
  4:11116  warning  Expected a conditional expression and instead saw an assignment  no-cond-assign
  4:11178  warning  Expected a conditional expression and instead saw an assignment  no-cond-assign
  4:12065  warning  Expected a conditional expression and instead saw an assignment  no-cond-assign
  4:14424  warning  Unnecessary escape character: \=                                 no-useless-escape
  4:16789  warning  Empty block statement                                            no-empty
  4:17420  warning  Unnecessary escape character: \-                                 no-useless-escape
  4:17432  warning  Unnecessary escape character: \-                                 no-useless-escape
  4:24520  warning  Empty block statement                                            no-empty
  4:25630  warning  'e' is assigned a value but never used                           no-unused-vars
  4:28559  warning  'define' is not defined                                          no-undef
  4:28571  warning  'define' is not defined                                          no-undef
  4:28590  warning  'define' is not defined                                          no-undef

/home/runner/work/exp-ce-amplifier-iitkgp/exp-ce-amplifier-iitkgp/experiment/simulation/js/jsplumb1.js
     68:9   warning  'root' is assigned a value but never used                                  no-unused-vars
    130:18  warning  'i' is already defined                                                     no-redeclare
    184:18  warning  'i' is already defined                                                     no-redeclare
    242:22  warning  'j' is already defined                                                     no-redeclare
    264:56  warning  't' is defined but never used                                              no-unused-vars
    279:26  warning  'j' is already defined                                                     no-redeclare
    582:9   warning  'exports' is not defined                                                   no-undef
    616:1   warning  Unnecessary semicolon                                                      no-extra-semi
    626:9   warning  'exports' is not defined                                                   no-undef
    661:9   warning  '_normal' is assigned a value but never used                               no-unused-vars
    672:9   warning  '_lineLength' is assigned a value but never used                           no-unused-vars
    706:9   warning  '_theta' is assigned a value but never used                                no-unused-vars
    725:9   warning  '_intersects' is assigned a value but never used                           no-unused-vars
    747:9   warning  '_encloses' is assigned a value but never used                             no-unused-vars
    764:9   warning  '_pointOnLine' is assigned a value but never used                          no-unused-vars
    781:9   warning  '_perpendicularLineTo' is assigned a value but never used                  no-unused-vars
    789:1   warning  Unnecessary semicolon                                                      no-extra-semi
    846:28  warning  'view' is defined but never used                                           no-unused-vars
    846:34  warning  'target' is defined but never used                                         no-unused-vars
    846:42  warning  'pageX' is defined but never used                                          no-unused-vars
    846:49  warning  'pageY' is defined but never used                                          no-unused-vars
    846:56  warning  'screenX' is defined but never used                                        no-unused-vars
    846:65  warning  'screenY' is defined but never used                                        no-unused-vars
    846:74  warning  'clientX' is defined but never used                                        no-unused-vars
    846:83  warning  'clientY' is defined but never used                                        no-unused-vars
   1040:58  warning  Do not access Object.prototype method 'hasOwnProperty' from target object  no-prototype-builtins
   1082:39  warning  Do not access Object.prototype method 'hasOwnProperty' from target object  no-prototype-builtins
   1132:9   warning  'touchstart' is assigned a value but never used                            no-unused-vars
   1132:36  warning  'touchend' is assigned a value but never used                              no-unused-vars
   1132:59  warning  'touchmove' is assigned a value but never used                             no-unused-vars
   1137:54  warning  Unnecessary escape character: \.                                           no-useless-escape
   1223:73  warning  Invalid typeof comparison value                                            valid-typeof
   1286:38  warning  Do not access Object.prototype method 'hasOwnProperty' from target object  no-prototype-builtins
   1288:51  warning  Do not access Object.prototype method 'hasOwnProperty' from target object  no-prototype-builtins
   1310:29  warning  'el' is defined but never used                                             no-unused-vars
   1310:33  warning  'event' is defined but never used                                          no-unused-vars
   1310:40  warning  'children' is defined but never used                                       no-unused-vars
   1310:50  warning  'fn' is defined but never used                                             no-unused-vars
   1457:9   warning  'exports' is not defined                                                   no-undef
   1490:1   warning  Unnecessary semicolon                                                      no-extra-semi
   1595:54  warning  Unnecessary escape character: \.                                           no-useless-escape
   1719:42  warning  'scope' is defined but never used                                          no-unused-vars
   1727:13  warning  'scroll' is assigned a value but never used                                no-unused-vars
   1875:13  warning  '_addFilter' is assigned a value but never used                            no-unused-vars
   1876:13  warning  '_removeFilter' is assigned a value but never used                         no-unused-vars
   2091:31  warning  Empty block statement                                                      no-empty
   2280:42  warning  'scope' is defined but never used                                          no-unused-vars
   2300:56  warning  'drag' is defined but never used                                           no-unused-vars
   2388:13  warning  '_getMatchingDroppables' is assigned a value but never used                no-unused-vars
   2432:18  warning  'i' is already defined                                                     no-redeclare
   2754:40  warning  'spec' is defined but never used                                           no-unused-vars
   2777:38  warning  'spec' is defined but never used                                           no-unused-vars
   2862:9   warning  'exports' is not defined                                                   no-undef
   2874:42  warning  'exports' is not defined                                                   no-undef
   2915:19  warning  Do not access Object.prototype method 'hasOwnProperty' from target object  no-prototype-builtins
   3011:26  warning  Unnecessary escape character: \.                                           no-useless-escape
   3012:40  warning  Unnecessary escape character: \[                                           no-useless-escape
   3180:36  warning  '_protoFn' is defined but never used                                       no-unused-vars
   3188:45  warning  Do not access Object.prototype method 'hasOwnProperty' from target object  no-prototype-builtins
   3188:83  warning  Do not access Object.prototype method 'hasOwnProperty' from target object  no-prototype-builtins
   3201:41  warning  Do not access Object.prototype method 'hasOwnProperty' from target object  no-prototype-builtins
   3201:79  warning  Do not access Object.prototype method 'hasOwnProperty' from target object  no-prototype-builtins
   3242:42  warning  Empty block statement                                                      no-empty
   3320:23  warning  Empty block statement                                                      no-empty
   3488:2   warning  Unnecessary semicolon                                                      no-extra-semi
   3553:1   warning  Unnecessary semicolon                                                      no-extra-semi
   3585:9   warning  'eventFilters' is assigned a value but never used                          no-unused-vars
   3604:9   warning  '_each' is assigned a value but never used                                 no-unused-vars
   4583:13  warning  '_setDraggable' is assigned a value but never used                         no-unused-vars
   4807:56  warning  'args' is defined but never used                                           no-unused-vars
   4855:60  warning  'cEl' is assigned a value but never used                                   no-unused-vars
   5481:13  warning  '_unmanage' is assigned a value but never used                             no-unused-vars
   5576:68  warning  'jsPlumbInstance' is assigned a value but never used                       no-unused-vars
   6146:39  warning  'scope' is defined but never used                                          no-unused-vars
   6751:9   warning  'exports' is not defined                                                   no-undef
   6766:1   warning  Unnecessary semicolon                                                      no-extra-semi
   6882:36  warning  'ignoreAttachedElements' is defined but never used                         no-unused-vars
   7059:1   warning  Unnecessary semicolon                                                      no-extra-semi
   7304:41  warning  'doNotRepaint' is defined but never used                                   no-unused-vars
   7309:50  warning  'doNotRepaint' is defined but never used                                   no-unused-vars
   7374:53  warning  'fireEvent' is defined but never used                                      no-unused-vars
   7374:64  warning  'originalEvent' is defined but never used                                  no-unused-vars
   7488:52  warning  Do not access Object.prototype method 'hasOwnProperty' from target object  no-prototype-builtins
   7534:39  warning  'startParams' is defined but never used                                    no-unused-vars
   8111:17  warning  'elId' is assigned a value but never used                                  no-unused-vars
   8348:1   warning  Unnecessary semicolon                                                      no-extra-semi
   8865:52  warning  Do not access Object.prototype method 'hasOwnProperty' from target object  no-prototype-builtins
   8889:52  warning  Do not access Object.prototype method 'hasOwnProperty' from target object  no-prototype-builtins
   8901:21  warning  'jsPlumb' is not defined                                                   no-undef
   8984:1   warning  Unnecessary semicolon                                                      no-extra-semi
   9709:27  warning  'Biltong' is not defined                                                   no-undef
  10061:23  warning  'jsPlumbUtil' is not defined                                               no-undef
  10293:1   warning  Unnecessary semicolon                                                      no-extra-semi
  10323:53  warning  'x' is defined but never used                                              no-unused-vars
  10323:56  warning  'y' is defined but never used                                              no-unused-vars
  10350:46  warning  'x1' is defined but never used                                             no-unused-vars
  10350:50  warning  'y1' is defined but never used                                             no-unused-vars
  10350:54  warning  'x2' is defined but never used                                             no-unused-vars
  10350:58  warning  'y2' is defined but never used                                             no-unused-vars
  10383:17  warning  '_super' is assigned a value but never used                                no-unused-vars
  10441:46  warning  '_' is defined but never used                                              no-unused-vars
  10643:17  warning  '_super' is assigned a value but never used                                no-unused-vars
  10789:17  warning  '_super' is assigned a value but never used                                no-unused-vars
  11112:13  warning  'dumpSegmentsToConsole' is assigned a value but never used                 no-unused-vars
  11168:48  warning  'anchorPoint' is defined but never used                                    no-unused-vars
  11168:61  warning  'orientation' is defined but never used                                    no-unused-vars
  11168:74  warning  'endpointStyle' is defined but never used                                  no-unused-vars
  11168:89  warning  'connectorPaintStyle' is defined but never used                            no-unused-vars
  11201:13  warning  '_super' is assigned a value but never used                                no-unused-vars
  11207:76  warning  'connectorPaintStyle' is defined but never used                            no-unused-vars
  11228:13  warning  '_super' is assigned a value but never used                                no-unused-vars
  11233:76  warning  'connectorPaintStyle' is defined but never used                            no-unused-vars
  11244:40  warning  'params' is defined but never used                                         no-unused-vars
  11322:48  warning  'orientation' is defined but never used                                    no-unused-vars
  11322:61  warning  'endpointStyle' is defined but never used                                  no-unused-vars
  11322:76  warning  'connectorPaintStyle' is defined but never used                            no-unused-vars
  11348:40  warning  'd' is defined but never used                                              no-unused-vars
  11348:43  warning  'style' is defined but never used                                          no-unused-vars
  11348:50  warning  'anchor' is defined but never used                                         no-unused-vars
  11391:13  warning  '_super' is assigned a value but never used                                no-unused-vars
  11394:48  warning  'orientation' is defined but never used                                    no-unused-vars
  11394:61  warning  'endpointStyle' is defined but never used                                  no-unused-vars
  11394:76  warning  'connectorPaintStyle' is defined but never used                            no-unused-vars
  11410:32  warning  'style' is defined but never used                                          no-unused-vars
  11410:39  warning  'anchor' is defined but never used                                         no-unused-vars
  11443:76  warning  'connectorPaintStyle' is defined but never used                            no-unused-vars
  11472:27  warning  'instance' is defined but never used                                       no-unused-vars
  11472:37  warning  'component' is defined but never used                                      no-unused-vars
  11541:43  warning  'component' is defined but never used                                      no-unused-vars
  11705:17  warning  'jsPlumb' is not defined                                                   no-undef
  11812:37  warning  'component' is defined but never used                                      no-unused-vars
  11822:29  warning  'containerExtents' is defined but never used                               no-unused-vars
  11850:37  warning  'params' is defined but never used                                         no-unused-vars
  11863:42  warning  'currentConnectionPaintStyle' is defined but never used                    no-unused-vars
  11907:13  warning  'labelWidth' is assigned a value but never used                            no-unused-vars
  11907:32  warning  'labelHeight' is assigned a value but never used                           no-unused-vars
  11907:52  warning  'labelText' is assigned a value but never used                             no-unused-vars
  11907:70  warning  'labelPadding' is assigned a value but never used                          no-unused-vars
  11997:1   warning  Unnecessary semicolon                                                      no-extra-semi
  12441:35  warning  'conn' is defined but never used                                           no-unused-vars
  12441:41  warning  'endpointIndex' is defined but never used                                  no-unused-vars
  12445:37  warning  'conn' is defined but never used                                           no-unused-vars
  12445:43  warning  'endpointIndex' is defined but never used                                  no-unused-vars
  12453:56  warning  'jsPlumb' is not defined                                                   no-undef
  12489:38  warning  '_el' is defined but never used                                            no-unused-vars
  12489:43  warning  'targetGroup' is defined but never used                                    no-unused-vars
  12539:25  warning  'jsPlumbUtil' is not defined                                               no-undef
  12883:1   warning  Unnecessary semicolon                                                      no-extra-semi
  12899:41  warning  'lastOrientation' is assigned a value but never used                       no-unused-vars
  12903:13  warning  'loopbackRadius' is assigned a value but never used                        no-unused-vars
  12904:13  warning  'isLoopbackCurrently' is assigned a value but never used                   no-unused-vars
  13248:1   warning  Unnecessary semicolon                                                      no-extra-semi
  13257:13  warning  'curviness' is assigned a value but never used                             no-unused-vars
  13259:13  warning  'proximityLimit' is assigned a value but never used                        no-unused-vars
  13262:13  warning  'isLoopbackCurrently' is assigned a value but never used                   no-unused-vars
  13401:1   warning  Unnecessary semicolon                                                      no-extra-semi
  13496:13  warning  'clockwise' is assigned a value but never used                             no-unused-vars
  13596:1   warning  Unnecessary semicolon                                                      no-extra-semi
  13603:30  warning  'params' is defined but never used                                         no-unused-vars
  13607:46  warning  '_' is defined but never used                                              no-unused-vars
  13628:1   warning  Unnecessary semicolon                                                      no-extra-semi
  14033:35  warning  'style' is defined but never used                                          no-unused-vars
  14056:35  warning  'style' is defined but never used                                          no-unused-vars
  14092:13  warning  'self' is assigned a value but never used                                  no-unused-vars
  14251:1   warning  Unnecessary semicolon                                                      no-extra-semi
  14444:39  warning  'jsPlumb' is not defined                                                   no-undef
  14473:29  warning  'jsPlumb' is not defined                                                   no-undef
  14480:38  warning  Do not access Object.prototype method 'hasOwnProperty' from target object  no-prototype-builtins
  14481:39  warning  'jsPlumb' is not defined                                                   no-undef
  14548:40  warning  Do not access Object.prototype method 'hasOwnProperty' from target object  no-prototype-builtins
  14639:22  warning  'jsPlumb' is not defined                                                   no-undef
  14644:24  warning  'jsPlumb' is not defined                                                   no-undef
  14770:26  warning  Do not access Object.prototype method 'hasOwnProperty' from target object  no-prototype-builtins
  14783:13  warning  'jsPlumb' is not defined                                                   no-undef
  14788:18  warning  'jsPlumb' is not defined                                                   no-undef
  14797:13  warning  'jsPlumb' is not defined                                                   no-undef
  14802:17  warning  'jsPlumb' is not defined                                                   no-undef
  14803:17  warning  'jsPlumb' is not defined                                                   no-undef
  14805:17  warning  'jsPlumb' is not defined                                                   no-undef
  14809:13  warning  'jsPlumb' is not defined                                                   no-undef
  14815:17  warning  'jsPlumb' is not defined                                                   no-undef
  14853:18  warning  'jsPlumb' is not defined                                                   no-undef
  14901:22  warning  'jsPlumb' is not defined                                                   no-undef
  14982:20  warning  'jsPlumb' is not defined                                                   no-undef
  14996:13  warning  'jsPlumb' is not defined                                                   no-undef
  15008:18  warning  'jsPlumb' is not defined                                                   no-undef
  15011:25  warning  'jsPlumb' is not defined                                                   no-undef
  15013:35  warning  'jsPlumb' is not defined                                                   no-undef
  15014:30  warning  'jsPlumb' is not defined                                                   no-undef
  15015:45  warning  'jsPlumb' is not defined                                                   no-undef
  15016:45  warning  'jsPlumb' is not defined                                                   no-undef
  15017:46  warning  'jsPlumb' is not defined                                                   no-undef
  15133:36  warning  'el' is defined but never used                                             no-unused-vars
  15133:40  warning  'options' is defined but never used                                        no-unused-vars
  15136:36  warning  'el' is defined but never used                                             no-unused-vars
  15136:40  warning  'options' is defined but never used                                        no-unused-vars
  15152:45  warning  'zoom' is defined but never used                                           no-unused-vars
  15192:33  warning  'spec' is defined but never used                                           no-unused-vars
  15201:31  warning  'spec' is defined but never used                                           no-unused-vars
  15210:38  warning  'posseId' is defined but never used                                        no-unused-vars
  15263:23  warning  'el' is defined but never used                                             no-unused-vars
  15263:27  warning  'event' is defined but never used                                          no-unused-vars
  15263:34  warning  'callback' is defined but never used                                       no-unused-vars
  15272:24  warning  'el' is defined but never used                                             no-unused-vars
  15272:28  warning  'event' is defined but never used                                          no-unused-vars
  15272:35  warning  'callback' is defined but never used                                       no-unused-vars

 611 problems (0 errors, 611 warnings)
  0 errors and 20 warnings potentially fixable with the `--fix` option.

